The system is: Linux - 4.2.3-1-ARCH - x86_64
Compiling the C compiler identification source file "CMakeCCompilerId.c" succeeded.
Compiler: /usr/bin/clang 
Build flags: 
Id flags: 

The output was:
0


Compilation of the C compiler identification source "CMakeCCompilerId.c" produced "a.out"

The C compiler identification is Clang, found in "/home/gallon/WorkSpace/private/Collie/build/CMakeFiles/3.3.2/CompilerIdC/a.out"

Compiling the CXX compiler identification source file "CMakeCXXCompilerId.cpp" succeeded.
Compiler: /usr/bin/clang++ 
Build flags: 
Id flags: 

The output was:
0


Compilation of the CXX compiler identification source "CMakeCXXCompilerId.cpp" produced "a.out"

The CXX compiler identification is Clang, found in "/home/gallon/WorkSpace/private/Collie/build/CMakeFiles/3.3.2/CompilerIdCXX/a.out"

Determining if the C compiler works passed with the following output:
Change Dir: /home/gallon/WorkSpace/private/Collie/build/CMakeFiles/CMakeTmp

Run Build Command:"/usr/bin/make" "cmTC_00d7d/fast"
/usr/bin/make -f CMakeFiles/cmTC_00d7d.dir/build.make CMakeFiles/cmTC_00d7d.dir/build
make[1]: Entering directory '/home/gallon/WorkSpace/private/Collie/build/CMakeFiles/CMakeTmp'
Building C object CMakeFiles/cmTC_00d7d.dir/testCCompiler.c.o
/usr/bin/clang    -o CMakeFiles/cmTC_00d7d.dir/testCCompiler.c.o   -c /home/gallon/WorkSpace/private/Collie/build/CMakeFiles/CMakeTmp/testCCompiler.c
Linking C executable cmTC_00d7d
/usr/bin/cmake -E cmake_link_script CMakeFiles/cmTC_00d7d.dir/link.txt --verbose=1
/usr/bin/clang       CMakeFiles/cmTC_00d7d.dir/testCCompiler.c.o  -o cmTC_00d7d -rdynamic 
make[1]: Leaving directory '/home/gallon/WorkSpace/private/Collie/build/CMakeFiles/CMakeTmp'


Detecting C compiler ABI info compiled with the following output:
Change Dir: /home/gallon/WorkSpace/private/Collie/build/CMakeFiles/CMakeTmp

Run Build Command:"/usr/bin/make" "cmTC_104a9/fast"
/usr/bin/make -f CMakeFiles/cmTC_104a9.dir/build.make CMakeFiles/cmTC_104a9.dir/build
make[1]: Entering directory '/home/gallon/WorkSpace/private/Collie/build/CMakeFiles/CMakeTmp'
Building C object CMakeFiles/cmTC_104a9.dir/CMakeCCompilerABI.c.o
/usr/bin/clang    -o CMakeFiles/cmTC_104a9.dir/CMakeCCompilerABI.c.o   -c /usr/share/cmake-3.3/Modules/CMakeCCompilerABI.c
Linking C executable cmTC_104a9
/usr/bin/cmake -E cmake_link_script CMakeFiles/cmTC_104a9.dir/link.txt --verbose=1
/usr/bin/clang      -v CMakeFiles/cmTC_104a9.dir/CMakeCCompilerABI.c.o  -o cmTC_104a9 -rdynamic  
clang version 3.7.0 (tags/RELEASE_370/final)
Target: x86_64-unknown-linux-gnu
Thread model: posix
Found candidate GCC installation: /usr/bin/../lib/gcc/x86_64-unknown-linux-gnu/5.2.0
Found candidate GCC installation: /usr/bin/../lib64/gcc/x86_64-unknown-linux-gnu/5.2.0
Found candidate GCC installation: /usr/lib/gcc/x86_64-unknown-linux-gnu/5.2.0
Found candidate GCC installation: /usr/lib64/gcc/x86_64-unknown-linux-gnu/5.2.0
Selected GCC installation: /usr/bin/../lib64/gcc/x86_64-unknown-linux-gnu/5.2.0
Candidate multilib: .;@m64
Selected multilib: .;@m64
 "/usr/bin/ld" -export-dynamic --eh-frame-hdr -m elf_x86_64 -dynamic-linker /lib64/ld-linux-x86-64.so.2 -o cmTC_104a9 /usr/bin/../lib64/gcc/x86_64-unknown-linux-gnu/5.2.0/../../../../lib64/crt1.o /usr/bin/../lib64/gcc/x86_64-unknown-linux-gnu/5.2.0/../../../../lib64/crti.o /usr/bin/../lib64/gcc/x86_64-unknown-linux-gnu/5.2.0/crtbegin.o -L/usr/bin/../lib64/gcc/x86_64-unknown-linux-gnu/5.2.0 -L/usr/bin/../lib64/gcc/x86_64-unknown-linux-gnu/5.2.0/../../../../lib64 -L/usr/bin/../lib64 -L/lib/../lib64 -L/usr/lib/../lib64 -L/usr/bin/../lib64/gcc/x86_64-unknown-linux-gnu/5.2.0/../../.. -L/usr/bin/../lib -L/lib -L/usr/lib CMakeFiles/cmTC_104a9.dir/CMakeCCompilerABI.c.o -lgcc --as-needed -lgcc_s --no-as-needed -lc -lgcc --as-needed -lgcc_s --no-as-needed /usr/bin/../lib64/gcc/x86_64-unknown-linux-gnu/5.2.0/crtend.o /usr/bin/../lib64/gcc/x86_64-unknown-linux-gnu/5.2.0/../../../../lib64/crtn.o
make[1]: Leaving directory '/home/gallon/WorkSpace/private/Collie/build/CMakeFiles/CMakeTmp'


Parsed C implicit link information from above output:
  link line regex: [^( *|.*[/\])(ld|([^/\]+-)?ld|collect2)[^/\]*( |$)]
  ignore line: [Change Dir: /home/gallon/WorkSpace/private/Collie/build/CMakeFiles/CMakeTmp]
  ignore line: []
  ignore line: [Run Build Command:"/usr/bin/make" "cmTC_104a9/fast"]
  ignore line: [/usr/bin/make -f CMakeFiles/cmTC_104a9.dir/build.make CMakeFiles/cmTC_104a9.dir/build]
  ignore line: [make[1]: Entering directory '/home/gallon/WorkSpace/private/Collie/build/CMakeFiles/CMakeTmp']
  ignore line: [Building C object CMakeFiles/cmTC_104a9.dir/CMakeCCompilerABI.c.o]
  ignore line: [/usr/bin/clang    -o CMakeFiles/cmTC_104a9.dir/CMakeCCompilerABI.c.o   -c /usr/share/cmake-3.3/Modules/CMakeCCompilerABI.c]
  ignore line: [Linking C executable cmTC_104a9]
  ignore line: [/usr/bin/cmake -E cmake_link_script CMakeFiles/cmTC_104a9.dir/link.txt --verbose=1]
  ignore line: [/usr/bin/clang      -v CMakeFiles/cmTC_104a9.dir/CMakeCCompilerABI.c.o  -o cmTC_104a9 -rdynamic  ]
  ignore line: [clang version 3.7.0 (tags/RELEASE_370/final)]
  ignore line: [Target: x86_64-unknown-linux-gnu]
  ignore line: [Thread model: posix]
  ignore line: [Found candidate GCC installation: /usr/bin/../lib/gcc/x86_64-unknown-linux-gnu/5.2.0]
  ignore line: [Found candidate GCC installation: /usr/bin/../lib64/gcc/x86_64-unknown-linux-gnu/5.2.0]
  ignore line: [Found candidate GCC installation: /usr/lib/gcc/x86_64-unknown-linux-gnu/5.2.0]
  ignore line: [Found candidate GCC installation: /usr/lib64/gcc/x86_64-unknown-linux-gnu/5.2.0]
  ignore line: [Selected GCC installation: /usr/bin/../lib64/gcc/x86_64-unknown-linux-gnu/5.2.0]
  ignore line: [Candidate multilib: .]
  ignore line: [@m64]
  ignore line: [Selected multilib: .]
  ignore line: [@m64]
  link line: [ "/usr/bin/ld" -export-dynamic --eh-frame-hdr -m elf_x86_64 -dynamic-linker /lib64/ld-linux-x86-64.so.2 -o cmTC_104a9 /usr/bin/../lib64/gcc/x86_64-unknown-linux-gnu/5.2.0/../../../../lib64/crt1.o /usr/bin/../lib64/gcc/x86_64-unknown-linux-gnu/5.2.0/../../../../lib64/crti.o /usr/bin/../lib64/gcc/x86_64-unknown-linux-gnu/5.2.0/crtbegin.o -L/usr/bin/../lib64/gcc/x86_64-unknown-linux-gnu/5.2.0 -L/usr/bin/../lib64/gcc/x86_64-unknown-linux-gnu/5.2.0/../../../../lib64 -L/usr/bin/../lib64 -L/lib/../lib64 -L/usr/lib/../lib64 -L/usr/bin/../lib64/gcc/x86_64-unknown-linux-gnu/5.2.0/../../.. -L/usr/bin/../lib -L/lib -L/usr/lib CMakeFiles/cmTC_104a9.dir/CMakeCCompilerABI.c.o -lgcc --as-needed -lgcc_s --no-as-needed -lc -lgcc --as-needed -lgcc_s --no-as-needed /usr/bin/../lib64/gcc/x86_64-unknown-linux-gnu/5.2.0/crtend.o /usr/bin/../lib64/gcc/x86_64-unknown-linux-gnu/5.2.0/../../../../lib64/crtn.o]
    arg [/usr/bin/ld] ==> ignore
    arg [-export-dynamic] ==> ignore
    arg [--eh-frame-hdr] ==> ignore
    arg [-m] ==> ignore
    arg [elf_x86_64] ==> ignore
    arg [-dynamic-linker] ==> ignore
    arg [/lib64/ld-linux-x86-64.so.2] ==> ignore
    arg [-o] ==> ignore
    arg [cmTC_104a9] ==> ignore
    arg [/usr/bin/../lib64/gcc/x86_64-unknown-linux-gnu/5.2.0/../../../../lib64/crt1.o] ==> ignore
    arg [/usr/bin/../lib64/gcc/x86_64-unknown-linux-gnu/5.2.0/../../../../lib64/crti.o] ==> ignore
    arg [/usr/bin/../lib64/gcc/x86_64-unknown-linux-gnu/5.2.0/crtbegin.o] ==> ignore
    arg [-L/usr/bin/../lib64/gcc/x86_64-unknown-linux-gnu/5.2.0] ==> dir [/usr/bin/../lib64/gcc/x86_64-unknown-linux-gnu/5.2.0]
    arg [-L/usr/bin/../lib64/gcc/x86_64-unknown-linux-gnu/5.2.0/../../../../lib64] ==> dir [/usr/bin/../lib64/gcc/x86_64-unknown-linux-gnu/5.2.0/../../../../lib64]
    arg [-L/usr/bin/../lib64] ==> dir [/usr/bin/../lib64]
    arg [-L/lib/../lib64] ==> dir [/lib/../lib64]
    arg [-L/usr/lib/../lib64] ==> dir [/usr/lib/../lib64]
    arg [-L/usr/bin/../lib64/gcc/x86_64-unknown-linux-gnu/5.2.0/../../..] ==> dir [/usr/bin/../lib64/gcc/x86_64-unknown-linux-gnu/5.2.0/../../..]
    arg [-L/usr/bin/../lib] ==> dir [/usr/bin/../lib]
    arg [-L/lib] ==> dir [/lib]
    arg [-L/usr/lib] ==> dir [/usr/lib]
    arg [CMakeFiles/cmTC_104a9.dir/CMakeCCompilerABI.c.o] ==> ignore
    arg [-lgcc] ==> lib [gcc]
    arg [--as-needed] ==> ignore
    arg [-lgcc_s] ==> lib [gcc_s]
    arg [--no-as-needed] ==> ignore
    arg [-lc] ==> lib [c]
    arg [-lgcc] ==> lib [gcc]
    arg [--as-needed] ==> ignore
    arg [-lgcc_s] ==> lib [gcc_s]
    arg [--no-as-needed] ==> ignore
    arg [/usr/bin/../lib64/gcc/x86_64-unknown-linux-gnu/5.2.0/crtend.o] ==> ignore
    arg [/usr/bin/../lib64/gcc/x86_64-unknown-linux-gnu/5.2.0/../../../../lib64/crtn.o] ==> ignore
  remove lib [gcc]
  remove lib [gcc_s]
  remove lib [gcc]
  remove lib [gcc_s]
  collapse library dir [/usr/bin/../lib64/gcc/x86_64-unknown-linux-gnu/5.2.0] ==> [/usr/lib64/gcc/x86_64-unknown-linux-gnu/5.2.0]
  collapse library dir [/usr/bin/../lib64/gcc/x86_64-unknown-linux-gnu/5.2.0/../../../../lib64] ==> [/usr/lib64]
  collapse library dir [/usr/bin/../lib64] ==> [/usr/lib64]
  collapse library dir [/lib/../lib64] ==> [/lib64]
  collapse library dir [/usr/lib/../lib64] ==> [/usr/lib64]
  collapse library dir [/usr/bin/../lib64/gcc/x86_64-unknown-linux-gnu/5.2.0/../../..] ==> [/usr/lib64]
  collapse library dir [/usr/bin/../lib] ==> [/usr/lib]
  collapse library dir [/lib] ==> [/lib]
  collapse library dir [/usr/lib] ==> [/usr/lib]
  implicit libs: [c]
  implicit dirs: [/usr/lib64/gcc/x86_64-unknown-linux-gnu/5.2.0;/usr/lib64;/lib64;/usr/lib;/lib]
  implicit fwks: []




Detecting C [-std=c11] compiler features compiled with the following output:
Change Dir: /home/gallon/WorkSpace/private/Collie/build/CMakeFiles/CMakeTmp

Run Build Command:"/usr/bin/make" "cmTC_079bb/fast"
/usr/bin/make -f CMakeFiles/cmTC_079bb.dir/build.make CMakeFiles/cmTC_079bb.dir/build
make[1]: Entering directory '/home/gallon/WorkSpace/private/Collie/build/CMakeFiles/CMakeTmp'
Building C object CMakeFiles/cmTC_079bb.dir/feature_tests.c.o
/usr/bin/clang   -std=c11 -o CMakeFiles/cmTC_079bb.dir/feature_tests.c.o   -c /home/gallon/WorkSpace/private/Collie/build/CMakeFiles/feature_tests.c
Linking C executable cmTC_079bb
/usr/bin/cmake -E cmake_link_script CMakeFiles/cmTC_079bb.dir/link.txt --verbose=1
/usr/bin/clang       CMakeFiles/cmTC_079bb.dir/feature_tests.c.o  -o cmTC_079bb -rdynamic 
make[1]: Leaving directory '/home/gallon/WorkSpace/private/Collie/build/CMakeFiles/CMakeTmp'


    Feature record: C_FEATURE:1c_function_prototypes
    Feature record: C_FEATURE:1c_restrict
    Feature record: C_FEATURE:1c_static_assert
    Feature record: C_FEATURE:1c_variadic_macros


Detecting C [-std=c99] compiler features compiled with the following output:
Change Dir: /home/gallon/WorkSpace/private/Collie/build/CMakeFiles/CMakeTmp

Run Build Command:"/usr/bin/make" "cmTC_9b0bd/fast"
/usr/bin/make -f CMakeFiles/cmTC_9b0bd.dir/build.make CMakeFiles/cmTC_9b0bd.dir/build
make[1]: Entering directory '/home/gallon/WorkSpace/private/Collie/build/CMakeFiles/CMakeTmp'
Building C object CMakeFiles/cmTC_9b0bd.dir/feature_tests.c.o
/usr/bin/clang   -std=c99 -o CMakeFiles/cmTC_9b0bd.dir/feature_tests.c.o   -c /home/gallon/WorkSpace/private/Collie/build/CMakeFiles/feature_tests.c
Linking C executable cmTC_9b0bd
/usr/bin/cmake -E cmake_link_script CMakeFiles/cmTC_9b0bd.dir/link.txt --verbose=1
/usr/bin/clang       CMakeFiles/cmTC_9b0bd.dir/feature_tests.c.o  -o cmTC_9b0bd -rdynamic 
make[1]: Leaving directory '/home/gallon/WorkSpace/private/Collie/build/CMakeFiles/CMakeTmp'


    Feature record: C_FEATURE:1c_function_prototypes
    Feature record: C_FEATURE:1c_restrict
    Feature record: C_FEATURE:0c_static_assert
    Feature record: C_FEATURE:1c_variadic_macros


Detecting C [-std=c90] compiler features compiled with the following output:
Change Dir: /home/gallon/WorkSpace/private/Collie/build/CMakeFiles/CMakeTmp

Run Build Command:"/usr/bin/make" "cmTC_00872/fast"
/usr/bin/make -f CMakeFiles/cmTC_00872.dir/build.make CMakeFiles/cmTC_00872.dir/build
make[1]: Entering directory '/home/gallon/WorkSpace/private/Collie/build/CMakeFiles/CMakeTmp'
Building C object CMakeFiles/cmTC_00872.dir/feature_tests.c.o
/usr/bin/clang   -std=c90 -o CMakeFiles/cmTC_00872.dir/feature_tests.c.o   -c /home/gallon/WorkSpace/private/Collie/build/CMakeFiles/feature_tests.c
Linking C executable cmTC_00872
/usr/bin/cmake -E cmake_link_script CMakeFiles/cmTC_00872.dir/link.txt --verbose=1
/usr/bin/clang       CMakeFiles/cmTC_00872.dir/feature_tests.c.o  -o cmTC_00872 -rdynamic 
make[1]: Leaving directory '/home/gallon/WorkSpace/private/Collie/build/CMakeFiles/CMakeTmp'


    Feature record: C_FEATURE:1c_function_prototypes
    Feature record: C_FEATURE:0c_restrict
    Feature record: C_FEATURE:0c_static_assert
    Feature record: C_FEATURE:0c_variadic_macros
Determining if the CXX compiler works passed with the following output:
Change Dir: /home/gallon/WorkSpace/private/Collie/build/CMakeFiles/CMakeTmp

Run Build Command:"/usr/bin/make" "cmTC_ca496/fast"
/usr/bin/make -f CMakeFiles/cmTC_ca496.dir/build.make CMakeFiles/cmTC_ca496.dir/build
make[1]: Entering directory '/home/gallon/WorkSpace/private/Collie/build/CMakeFiles/CMakeTmp'
Building CXX object CMakeFiles/cmTC_ca496.dir/testCXXCompiler.cxx.o
/usr/bin/clang++     -o CMakeFiles/cmTC_ca496.dir/testCXXCompiler.cxx.o -c /home/gallon/WorkSpace/private/Collie/build/CMakeFiles/CMakeTmp/testCXXCompiler.cxx
Linking CXX executable cmTC_ca496
/usr/bin/cmake -E cmake_link_script CMakeFiles/cmTC_ca496.dir/link.txt --verbose=1
/usr/bin/clang++        CMakeFiles/cmTC_ca496.dir/testCXXCompiler.cxx.o  -o cmTC_ca496 -rdynamic 
make[1]: Leaving directory '/home/gallon/WorkSpace/private/Collie/build/CMakeFiles/CMakeTmp'


Detecting CXX compiler ABI info compiled with the following output:
Change Dir: /home/gallon/WorkSpace/private/Collie/build/CMakeFiles/CMakeTmp

Run Build Command:"/usr/bin/make" "cmTC_8c956/fast"
/usr/bin/make -f CMakeFiles/cmTC_8c956.dir/build.make CMakeFiles/cmTC_8c956.dir/build
make[1]: Entering directory '/home/gallon/WorkSpace/private/Collie/build/CMakeFiles/CMakeTmp'
Building CXX object CMakeFiles/cmTC_8c956.dir/CMakeCXXCompilerABI.cpp.o
/usr/bin/clang++     -o CMakeFiles/cmTC_8c956.dir/CMakeCXXCompilerABI.cpp.o -c /usr/share/cmake-3.3/Modules/CMakeCXXCompilerABI.cpp
Linking CXX executable cmTC_8c956
/usr/bin/cmake -E cmake_link_script CMakeFiles/cmTC_8c956.dir/link.txt --verbose=1
/usr/bin/clang++       -v CMakeFiles/cmTC_8c956.dir/CMakeCXXCompilerABI.cpp.o  -o cmTC_8c956 -rdynamic  
clang version 3.7.0 (tags/RELEASE_370/final)
Target: x86_64-unknown-linux-gnu
Thread model: posix
Found candidate GCC installation: /usr/bin/../lib/gcc/x86_64-unknown-linux-gnu/5.2.0
Found candidate GCC installation: /usr/bin/../lib64/gcc/x86_64-unknown-linux-gnu/5.2.0
Found candidate GCC installation: /usr/lib/gcc/x86_64-unknown-linux-gnu/5.2.0
Found candidate GCC installation: /usr/lib64/gcc/x86_64-unknown-linux-gnu/5.2.0
Selected GCC installation: /usr/bin/../lib64/gcc/x86_64-unknown-linux-gnu/5.2.0
Candidate multilib: .;@m64
Selected multilib: .;@m64
 "/usr/bin/ld" -export-dynamic --eh-frame-hdr -m elf_x86_64 -dynamic-linker /lib64/ld-linux-x86-64.so.2 -o cmTC_8c956 /usr/bin/../lib64/gcc/x86_64-unknown-linux-gnu/5.2.0/../../../../lib64/crt1.o /usr/bin/../lib64/gcc/x86_64-unknown-linux-gnu/5.2.0/../../../../lib64/crti.o /usr/bin/../lib64/gcc/x86_64-unknown-linux-gnu/5.2.0/crtbegin.o -L/usr/bin/../lib64/gcc/x86_64-unknown-linux-gnu/5.2.0 -L/usr/bin/../lib64/gcc/x86_64-unknown-linux-gnu/5.2.0/../../../../lib64 -L/usr/bin/../lib64 -L/lib/../lib64 -L/usr/lib/../lib64 -L/usr/bin/../lib64/gcc/x86_64-unknown-linux-gnu/5.2.0/../../.. -L/usr/bin/../lib -L/lib -L/usr/lib CMakeFiles/cmTC_8c956.dir/CMakeCXXCompilerABI.cpp.o -lstdc++ -lm -lgcc_s -lgcc -lc -lgcc_s -lgcc /usr/bin/../lib64/gcc/x86_64-unknown-linux-gnu/5.2.0/crtend.o /usr/bin/../lib64/gcc/x86_64-unknown-linux-gnu/5.2.0/../../../../lib64/crtn.o
make[1]: Leaving directory '/home/gallon/WorkSpace/private/Collie/build/CMakeFiles/CMakeTmp'


Parsed CXX implicit link information from above output:
  link line regex: [^( *|.*[/\])(ld|([^/\]+-)?ld|collect2)[^/\]*( |$)]
  ignore line: [Change Dir: /home/gallon/WorkSpace/private/Collie/build/CMakeFiles/CMakeTmp]
  ignore line: []
  ignore line: [Run Build Command:"/usr/bin/make" "cmTC_8c956/fast"]
  ignore line: [/usr/bin/make -f CMakeFiles/cmTC_8c956.dir/build.make CMakeFiles/cmTC_8c956.dir/build]
  ignore line: [make[1]: Entering directory '/home/gallon/WorkSpace/private/Collie/build/CMakeFiles/CMakeTmp']
  ignore line: [Building CXX object CMakeFiles/cmTC_8c956.dir/CMakeCXXCompilerABI.cpp.o]
  ignore line: [/usr/bin/clang++     -o CMakeFiles/cmTC_8c956.dir/CMakeCXXCompilerABI.cpp.o -c /usr/share/cmake-3.3/Modules/CMakeCXXCompilerABI.cpp]
  ignore line: [Linking CXX executable cmTC_8c956]
  ignore line: [/usr/bin/cmake -E cmake_link_script CMakeFiles/cmTC_8c956.dir/link.txt --verbose=1]
  ignore line: [/usr/bin/clang++       -v CMakeFiles/cmTC_8c956.dir/CMakeCXXCompilerABI.cpp.o  -o cmTC_8c956 -rdynamic  ]
  ignore line: [clang version 3.7.0 (tags/RELEASE_370/final)]
  ignore line: [Target: x86_64-unknown-linux-gnu]
  ignore line: [Thread model: posix]
  ignore line: [Found candidate GCC installation: /usr/bin/../lib/gcc/x86_64-unknown-linux-gnu/5.2.0]
  ignore line: [Found candidate GCC installation: /usr/bin/../lib64/gcc/x86_64-unknown-linux-gnu/5.2.0]
  ignore line: [Found candidate GCC installation: /usr/lib/gcc/x86_64-unknown-linux-gnu/5.2.0]
  ignore line: [Found candidate GCC installation: /usr/lib64/gcc/x86_64-unknown-linux-gnu/5.2.0]
  ignore line: [Selected GCC installation: /usr/bin/../lib64/gcc/x86_64-unknown-linux-gnu/5.2.0]
  ignore line: [Candidate multilib: .]
  ignore line: [@m64]
  ignore line: [Selected multilib: .]
  ignore line: [@m64]
  link line: [ "/usr/bin/ld" -export-dynamic --eh-frame-hdr -m elf_x86_64 -dynamic-linker /lib64/ld-linux-x86-64.so.2 -o cmTC_8c956 /usr/bin/../lib64/gcc/x86_64-unknown-linux-gnu/5.2.0/../../../../lib64/crt1.o /usr/bin/../lib64/gcc/x86_64-unknown-linux-gnu/5.2.0/../../../../lib64/crti.o /usr/bin/../lib64/gcc/x86_64-unknown-linux-gnu/5.2.0/crtbegin.o -L/usr/bin/../lib64/gcc/x86_64-unknown-linux-gnu/5.2.0 -L/usr/bin/../lib64/gcc/x86_64-unknown-linux-gnu/5.2.0/../../../../lib64 -L/usr/bin/../lib64 -L/lib/../lib64 -L/usr/lib/../lib64 -L/usr/bin/../lib64/gcc/x86_64-unknown-linux-gnu/5.2.0/../../.. -L/usr/bin/../lib -L/lib -L/usr/lib CMakeFiles/cmTC_8c956.dir/CMakeCXXCompilerABI.cpp.o -lstdc++ -lm -lgcc_s -lgcc -lc -lgcc_s -lgcc /usr/bin/../lib64/gcc/x86_64-unknown-linux-gnu/5.2.0/crtend.o /usr/bin/../lib64/gcc/x86_64-unknown-linux-gnu/5.2.0/../../../../lib64/crtn.o]
    arg [/usr/bin/ld] ==> ignore
    arg [-export-dynamic] ==> ignore
    arg [--eh-frame-hdr] ==> ignore
    arg [-m] ==> ignore
    arg [elf_x86_64] ==> ignore
    arg [-dynamic-linker] ==> ignore
    arg [/lib64/ld-linux-x86-64.so.2] ==> ignore
    arg [-o] ==> ignore
    arg [cmTC_8c956] ==> ignore
    arg [/usr/bin/../lib64/gcc/x86_64-unknown-linux-gnu/5.2.0/../../../../lib64/crt1.o] ==> ignore
    arg [/usr/bin/../lib64/gcc/x86_64-unknown-linux-gnu/5.2.0/../../../../lib64/crti.o] ==> ignore
    arg [/usr/bin/../lib64/gcc/x86_64-unknown-linux-gnu/5.2.0/crtbegin.o] ==> ignore
    arg [-L/usr/bin/../lib64/gcc/x86_64-unknown-linux-gnu/5.2.0] ==> dir [/usr/bin/../lib64/gcc/x86_64-unknown-linux-gnu/5.2.0]
    arg [-L/usr/bin/../lib64/gcc/x86_64-unknown-linux-gnu/5.2.0/../../../../lib64] ==> dir [/usr/bin/../lib64/gcc/x86_64-unknown-linux-gnu/5.2.0/../../../../lib64]
    arg [-L/usr/bin/../lib64] ==> dir [/usr/bin/../lib64]
    arg [-L/lib/../lib64] ==> dir [/lib/../lib64]
    arg [-L/usr/lib/../lib64] ==> dir [/usr/lib/../lib64]
    arg [-L/usr/bin/../lib64/gcc/x86_64-unknown-linux-gnu/5.2.0/../../..] ==> dir [/usr/bin/../lib64/gcc/x86_64-unknown-linux-gnu/5.2.0/../../..]
    arg [-L/usr/bin/../lib] ==> dir [/usr/bin/../lib]
    arg [-L/lib] ==> dir [/lib]
    arg [-L/usr/lib] ==> dir [/usr/lib]
    arg [CMakeFiles/cmTC_8c956.dir/CMakeCXXCompilerABI.cpp.o] ==> ignore
    arg [-lstdc++] ==> lib [stdc++]
    arg [-lm] ==> lib [m]
    arg [-lgcc_s] ==> lib [gcc_s]
    arg [-lgcc] ==> lib [gcc]
    arg [-lc] ==> lib [c]
    arg [-lgcc_s] ==> lib [gcc_s]
    arg [-lgcc] ==> lib [gcc]
    arg [/usr/bin/../lib64/gcc/x86_64-unknown-linux-gnu/5.2.0/crtend.o] ==> ignore
    arg [/usr/bin/../lib64/gcc/x86_64-unknown-linux-gnu/5.2.0/../../../../lib64/crtn.o] ==> ignore
  remove lib [gcc_s]
  remove lib [gcc]
  remove lib [gcc_s]
  remove lib [gcc]
  collapse library dir [/usr/bin/../lib64/gcc/x86_64-unknown-linux-gnu/5.2.0] ==> [/usr/lib64/gcc/x86_64-unknown-linux-gnu/5.2.0]
  collapse library dir [/usr/bin/../lib64/gcc/x86_64-unknown-linux-gnu/5.2.0/../../../../lib64] ==> [/usr/lib64]
  collapse library dir [/usr/bin/../lib64] ==> [/usr/lib64]
  collapse library dir [/lib/../lib64] ==> [/lib64]
  collapse library dir [/usr/lib/../lib64] ==> [/usr/lib64]
  collapse library dir [/usr/bin/../lib64/gcc/x86_64-unknown-linux-gnu/5.2.0/../../..] ==> [/usr/lib64]
  collapse library dir [/usr/bin/../lib] ==> [/usr/lib]
  collapse library dir [/lib] ==> [/lib]
  collapse library dir [/usr/lib] ==> [/usr/lib]
  implicit libs: [stdc++;m;c]
  implicit dirs: [/usr/lib64/gcc/x86_64-unknown-linux-gnu/5.2.0;/usr/lib64;/lib64;/usr/lib;/lib]
  implicit fwks: []




Detecting CXX [-std=c++14] compiler features compiled with the following output:
Change Dir: /home/gallon/WorkSpace/private/Collie/build/CMakeFiles/CMakeTmp

Run Build Command:"/usr/bin/make" "cmTC_52ab4/fast"
/usr/bin/make -f CMakeFiles/cmTC_52ab4.dir/build.make CMakeFiles/cmTC_52ab4.dir/build
make[1]: Entering directory '/home/gallon/WorkSpace/private/Collie/build/CMakeFiles/CMakeTmp'
Building CXX object CMakeFiles/cmTC_52ab4.dir/feature_tests.cxx.o
/usr/bin/clang++    -std=c++14 -o CMakeFiles/cmTC_52ab4.dir/feature_tests.cxx.o -c /home/gallon/WorkSpace/private/Collie/build/CMakeFiles/feature_tests.cxx
Linking CXX executable cmTC_52ab4
/usr/bin/cmake -E cmake_link_script CMakeFiles/cmTC_52ab4.dir/link.txt --verbose=1
/usr/bin/clang++        CMakeFiles/cmTC_52ab4.dir/feature_tests.cxx.o  -o cmTC_52ab4 -rdynamic 
make[1]: Leaving directory '/home/gallon/WorkSpace/private/Collie/build/CMakeFiles/CMakeTmp'


    Feature record: CXX_FEATURE:1cxx_aggregate_default_initializers
    Feature record: CXX_FEATURE:1cxx_alias_templates
    Feature record: CXX_FEATURE:1cxx_alignas
    Feature record: CXX_FEATURE:1cxx_alignof
    Feature record: CXX_FEATURE:1cxx_attributes
    Feature record: CXX_FEATURE:1cxx_attribute_deprecated
    Feature record: CXX_FEATURE:1cxx_auto_type
    Feature record: CXX_FEATURE:1cxx_binary_literals
    Feature record: CXX_FEATURE:1cxx_constexpr
    Feature record: CXX_FEATURE:1cxx_contextual_conversions
    Feature record: CXX_FEATURE:1cxx_decltype
    Feature record: CXX_FEATURE:1cxx_decltype_auto
    Feature record: CXX_FEATURE:1cxx_decltype_incomplete_return_types
    Feature record: CXX_FEATURE:1cxx_default_function_template_args
    Feature record: CXX_FEATURE:1cxx_defaulted_functions
    Feature record: CXX_FEATURE:1cxx_defaulted_move_initializers
    Feature record: CXX_FEATURE:1cxx_delegating_constructors
    Feature record: CXX_FEATURE:1cxx_deleted_functions
    Feature record: CXX_FEATURE:1cxx_digit_separators
    Feature record: CXX_FEATURE:1cxx_enum_forward_declarations
    Feature record: CXX_FEATURE:1cxx_explicit_conversions
    Feature record: CXX_FEATURE:1cxx_extended_friend_declarations
    Feature record: CXX_FEATURE:1cxx_extern_templates
    Feature record: CXX_FEATURE:1cxx_final
    Feature record: CXX_FEATURE:1cxx_func_identifier
    Feature record: CXX_FEATURE:1cxx_generalized_initializers
    Feature record: CXX_FEATURE:1cxx_generic_lambdas
    Feature record: CXX_FEATURE:1cxx_inheriting_constructors
    Feature record: CXX_FEATURE:1cxx_inline_namespaces
    Feature record: CXX_FEATURE:1cxx_lambdas
    Feature record: CXX_FEATURE:1cxx_lambda_init_captures
    Feature record: CXX_FEATURE:1cxx_local_type_template_args
    Feature record: CXX_FEATURE:1cxx_long_long_type
    Feature record: CXX_FEATURE:1cxx_noexcept
    Feature record: CXX_FEATURE:1cxx_nonstatic_member_init
    Feature record: CXX_FEATURE:1cxx_nullptr
    Feature record: CXX_FEATURE:1cxx_override
    Feature record: CXX_FEATURE:1cxx_range_for
    Feature record: CXX_FEATURE:1cxx_raw_string_literals
    Feature record: CXX_FEATURE:1cxx_reference_qualified_functions
    Feature record: CXX_FEATURE:1cxx_relaxed_constexpr
    Feature record: CXX_FEATURE:1cxx_return_type_deduction
    Feature record: CXX_FEATURE:1cxx_right_angle_brackets
    Feature record: CXX_FEATURE:1cxx_rvalue_references
    Feature record: CXX_FEATURE:1cxx_sizeof_member
    Feature record: CXX_FEATURE:1cxx_static_assert
    Feature record: CXX_FEATURE:1cxx_strong_enums
    Feature record: CXX_FEATURE:1cxx_template_template_parameters
    Feature record: CXX_FEATURE:1cxx_thread_local
    Feature record: CXX_FEATURE:1cxx_trailing_return_types
    Feature record: CXX_FEATURE:1cxx_unicode_literals
    Feature record: CXX_FEATURE:1cxx_uniform_initialization
    Feature record: CXX_FEATURE:1cxx_unrestricted_unions
    Feature record: CXX_FEATURE:1cxx_user_literals
    Feature record: CXX_FEATURE:1cxx_variable_templates
    Feature record: CXX_FEATURE:1cxx_variadic_macros
    Feature record: CXX_FEATURE:1cxx_variadic_templates


Detecting CXX [-std=c++11] compiler features compiled with the following output:
Change Dir: /home/gallon/WorkSpace/private/Collie/build/CMakeFiles/CMakeTmp

Run Build Command:"/usr/bin/make" "cmTC_d1048/fast"
/usr/bin/make -f CMakeFiles/cmTC_d1048.dir/build.make CMakeFiles/cmTC_d1048.dir/build
make[1]: Entering directory '/home/gallon/WorkSpace/private/Collie/build/CMakeFiles/CMakeTmp'
Building CXX object CMakeFiles/cmTC_d1048.dir/feature_tests.cxx.o
/usr/bin/clang++    -std=c++11 -o CMakeFiles/cmTC_d1048.dir/feature_tests.cxx.o -c /home/gallon/WorkSpace/private/Collie/build/CMakeFiles/feature_tests.cxx
Linking CXX executable cmTC_d1048
/usr/bin/cmake -E cmake_link_script CMakeFiles/cmTC_d1048.dir/link.txt --verbose=1
/usr/bin/clang++        CMakeFiles/cmTC_d1048.dir/feature_tests.cxx.o  -o cmTC_d1048 -rdynamic 
make[1]: Leaving directory '/home/gallon/WorkSpace/private/Collie/build/CMakeFiles/CMakeTmp'


    Feature record: CXX_FEATURE:0cxx_aggregate_default_initializers
    Feature record: CXX_FEATURE:1cxx_alias_templates
    Feature record: CXX_FEATURE:1cxx_alignas
    Feature record: CXX_FEATURE:1cxx_alignof
    Feature record: CXX_FEATURE:1cxx_attributes
    Feature record: CXX_FEATURE:0cxx_attribute_deprecated
    Feature record: CXX_FEATURE:1cxx_auto_type
    Feature record: CXX_FEATURE:0cxx_binary_literals
    Feature record: CXX_FEATURE:1cxx_constexpr
    Feature record: CXX_FEATURE:0cxx_contextual_conversions
    Feature record: CXX_FEATURE:1cxx_decltype
    Feature record: CXX_FEATURE:0cxx_decltype_auto
    Feature record: CXX_FEATURE:1cxx_decltype_incomplete_return_types
    Feature record: CXX_FEATURE:1cxx_default_function_template_args
    Feature record: CXX_FEATURE:1cxx_defaulted_functions
    Feature record: CXX_FEATURE:1cxx_defaulted_move_initializers
    Feature record: CXX_FEATURE:1cxx_delegating_constructors
    Feature record: CXX_FEATURE:1cxx_deleted_functions
    Feature record: CXX_FEATURE:0cxx_digit_separators
    Feature record: CXX_FEATURE:1cxx_enum_forward_declarations
    Feature record: CXX_FEATURE:1cxx_explicit_conversions
    Feature record: CXX_FEATURE:1cxx_extended_friend_declarations
    Feature record: CXX_FEATURE:1cxx_extern_templates
    Feature record: CXX_FEATURE:1cxx_final
    Feature record: CXX_FEATURE:1cxx_func_identifier
    Feature record: CXX_FEATURE:1cxx_generalized_initializers
    Feature record: CXX_FEATURE:0cxx_generic_lambdas
    Feature record: CXX_FEATURE:1cxx_inheriting_constructors
    Feature record: CXX_FEATURE:1cxx_inline_namespaces
    Feature record: CXX_FEATURE:1cxx_lambdas
    Feature record: CXX_FEATURE:0cxx_lambda_init_captures
    Feature record: CXX_FEATURE:1cxx_local_type_template_args
    Feature record: CXX_FEATURE:1cxx_long_long_type
    Feature record: CXX_FEATURE:1cxx_noexcept
    Feature record: CXX_FEATURE:1cxx_nonstatic_member_init
    Feature record: CXX_FEATURE:1cxx_nullptr
    Feature record: CXX_FEATURE:1cxx_override
    Feature record: CXX_FEATURE:1cxx_range_for
    Feature record: CXX_FEATURE:1cxx_raw_string_literals
    Feature record: CXX_FEATURE:1cxx_reference_qualified_functions
    Feature record: CXX_FEATURE:0cxx_relaxed_constexpr
    Feature record: CXX_FEATURE:0cxx_return_type_deduction
    Feature record: CXX_FEATURE:1cxx_right_angle_brackets
    Feature record: CXX_FEATURE:1cxx_rvalue_references
    Feature record: CXX_FEATURE:1cxx_sizeof_member
    Feature record: CXX_FEATURE:1cxx_static_assert
    Feature record: CXX_FEATURE:1cxx_strong_enums
    Feature record: CXX_FEATURE:1cxx_template_template_parameters
    Feature record: CXX_FEATURE:1cxx_thread_local
    Feature record: CXX_FEATURE:1cxx_trailing_return_types
    Feature record: CXX_FEATURE:1cxx_unicode_literals
    Feature record: CXX_FEATURE:1cxx_uniform_initialization
    Feature record: CXX_FEATURE:1cxx_unrestricted_unions
    Feature record: CXX_FEATURE:1cxx_user_literals
    Feature record: CXX_FEATURE:0cxx_variable_templates
    Feature record: CXX_FEATURE:1cxx_variadic_macros
    Feature record: CXX_FEATURE:1cxx_variadic_templates


Detecting CXX [-std=c++98] compiler features compiled with the following output:
Change Dir: /home/gallon/WorkSpace/private/Collie/build/CMakeFiles/CMakeTmp

Run Build Command:"/usr/bin/make" "cmTC_c9006/fast"
/usr/bin/make -f CMakeFiles/cmTC_c9006.dir/build.make CMakeFiles/cmTC_c9006.dir/build
make[1]: Entering directory '/home/gallon/WorkSpace/private/Collie/build/CMakeFiles/CMakeTmp'
Building CXX object CMakeFiles/cmTC_c9006.dir/feature_tests.cxx.o
/usr/bin/clang++    -std=c++98 -o CMakeFiles/cmTC_c9006.dir/feature_tests.cxx.o -c /home/gallon/WorkSpace/private/Collie/build/CMakeFiles/feature_tests.cxx
Linking CXX executable cmTC_c9006
/usr/bin/cmake -E cmake_link_script CMakeFiles/cmTC_c9006.dir/link.txt --verbose=1
/usr/bin/clang++        CMakeFiles/cmTC_c9006.dir/feature_tests.cxx.o  -o cmTC_c9006 -rdynamic 
make[1]: Leaving directory '/home/gallon/WorkSpace/private/Collie/build/CMakeFiles/CMakeTmp'


    Feature record: CXX_FEATURE:0cxx_aggregate_default_initializers
    Feature record: CXX_FEATURE:0cxx_alias_templates
    Feature record: CXX_FEATURE:0cxx_alignas
    Feature record: CXX_FEATURE:0cxx_alignof
    Feature record: CXX_FEATURE:0cxx_attributes
    Feature record: CXX_FEATURE:0cxx_attribute_deprecated
    Feature record: CXX_FEATURE:0cxx_auto_type
    Feature record: CXX_FEATURE:0cxx_binary_literals
    Feature record: CXX_FEATURE:0cxx_constexpr
    Feature record: CXX_FEATURE:0cxx_contextual_conversions
    Feature record: CXX_FEATURE:0cxx_decltype
    Feature record: CXX_FEATURE:0cxx_decltype_auto
    Feature record: CXX_FEATURE:0cxx_decltype_incomplete_return_types
    Feature record: CXX_FEATURE:0cxx_default_function_template_args
    Feature record: CXX_FEATURE:0cxx_defaulted_functions
    Feature record: CXX_FEATURE:0cxx_defaulted_move_initializers
    Feature record: CXX_FEATURE:0cxx_delegating_constructors
    Feature record: CXX_FEATURE:0cxx_deleted_functions
    Feature record: CXX_FEATURE:0cxx_digit_separators
    Feature record: CXX_FEATURE:0cxx_enum_forward_declarations
    Feature record: CXX_FEATURE:0cxx_explicit_conversions
    Feature record: CXX_FEATURE:0cxx_extended_friend_declarations
    Feature record: CXX_FEATURE:0cxx_extern_templates
    Feature record: CXX_FEATURE:0cxx_final
    Feature record: CXX_FEATURE:0cxx_func_identifier
    Feature record: CXX_FEATURE:0cxx_generalized_initializers
    Feature record: CXX_FEATURE:0cxx_generic_lambdas
    Feature record: CXX_FEATURE:0cxx_inheriting_constructors
    Feature record: CXX_FEATURE:0cxx_inline_namespaces
    Feature record: CXX_FEATURE:0cxx_lambdas
    Feature record: CXX_FEATURE:0cxx_lambda_init_captures
    Feature record: CXX_FEATURE:0cxx_local_type_template_args
    Feature record: CXX_FEATURE:0cxx_long_long_type
    Feature record: CXX_FEATURE:0cxx_noexcept
    Feature record: CXX_FEATURE:0cxx_nonstatic_member_init
    Feature record: CXX_FEATURE:0cxx_nullptr
    Feature record: CXX_FEATURE:0cxx_override
    Feature record: CXX_FEATURE:0cxx_range_for
    Feature record: CXX_FEATURE:0cxx_raw_string_literals
    Feature record: CXX_FEATURE:0cxx_reference_qualified_functions
    Feature record: CXX_FEATURE:0cxx_relaxed_constexpr
    Feature record: CXX_FEATURE:0cxx_return_type_deduction
    Feature record: CXX_FEATURE:0cxx_right_angle_brackets
    Feature record: CXX_FEATURE:0cxx_rvalue_references
    Feature record: CXX_FEATURE:0cxx_sizeof_member
    Feature record: CXX_FEATURE:0cxx_static_assert
    Feature record: CXX_FEATURE:0cxx_strong_enums
    Feature record: CXX_FEATURE:1cxx_template_template_parameters
    Feature record: CXX_FEATURE:0cxx_thread_local
    Feature record: CXX_FEATURE:0cxx_trailing_return_types
    Feature record: CXX_FEATURE:0cxx_unicode_literals
    Feature record: CXX_FEATURE:0cxx_uniform_initialization
    Feature record: CXX_FEATURE:0cxx_unrestricted_unions
    Feature record: CXX_FEATURE:0cxx_user_literals
    Feature record: CXX_FEATURE:0cxx_variable_templates
    Feature record: CXX_FEATURE:0cxx_variadic_macros
    Feature record: CXX_FEATURE:0cxx_variadic_templates
